[debug] [2024-11-04T05:53:41.756Z] ----------------------------------------------------------------------
[debug] [2024-11-04T05:53:41.761Z] Command:       D:\APK\node.exe C:\Users\Raju Sharma\AppData\Roaming\npm\node_modules\firebase-tools\lib\bin\firebase.js init
[debug] [2024-11-04T05:53:41.761Z] CLI Version:   13.23.1
[debug] [2024-11-04T05:53:41.761Z] Platform:      win32
[debug] [2024-11-04T05:53:41.762Z] Node Version:  v20.16.0
[debug] [2024-11-04T05:53:41.762Z] Time:          Mon Nov 04 2024 11:23:41 GMT+0530 (India Standard Time)
[debug] [2024-11-04T05:53:41.762Z] ----------------------------------------------------------------------
[debug] 
[debug] [2024-11-04T05:53:41.827Z] > command requires scopes: ["email","openid","https://www.googleapis.com/auth/cloudplatformprojects.readonly","https://www.googleapis.com/auth/firebase","https://www.googleapis.com/auth/cloud-platform"]
[debug] [2024-11-04T05:53:41.828Z] > authorizing via signed-in user (rajuraj77620@gmail.com)
[info] 
     ######## #### ########  ######## ########     ###     ######  ########
     ##        ##  ##     ## ##       ##     ##  ##   ##  ##       ##
     ######    ##  ########  ######   ########  #########  ######  ######
     ##        ##  ##    ##  ##       ##     ## ##     ##       ## ##
     ##       #### ##     ## ######## ########  ##     ##  ######  ########

You're about to initialize a Firebase project in this directory:

  D:\BCA\Sem 5\CAP 917\Class p\finalCa3 (2)\finalCa3

Before we get started, keep in mind:

  * You are initializing within an existing Firebase project directory

[info] 
=== Project Setup
[info] 
[info] First, let's associate this project directory with a Firebase project.
[info] You can create multiple project aliases by running firebase use --add, 
[info] but for now we'll just set up a default project.
[info] 
[debug] [2024-11-04T05:53:46.851Z] Using project from CLI flag: fitnessfreake03-3b3ee
[debug] [2024-11-04T05:53:46.853Z] Checked if tokens are valid: true, expires at: 1730702629765
[debug] [2024-11-04T05:53:46.853Z] Checked if tokens are valid: true, expires at: 1730702629765
[debug] [2024-11-04T05:53:46.857Z] >>> [apiv2][query] GET https://firebase.googleapis.com/v1beta1/projects/fitnessfreake03-3b3ee [none]
[debug] [2024-11-04T05:53:48.277Z] <<< [apiv2][status] GET https://firebase.googleapis.com/v1beta1/projects/fitnessfreake03-3b3ee 200
[debug] [2024-11-04T05:53:48.278Z] <<< [apiv2][body] GET https://firebase.googleapis.com/v1beta1/projects/fitnessfreake03-3b3ee {"projectId":"fitnessfreake03-3b3ee","projectNumber":"349683281536","displayName":"fitnessfreake03","name":"projects/fitnessfreake03-3b3ee","resources":{"hostingSite":"fitnessfreake03-3b3ee"},"state":"ACTIVE","etag":"1_ffd5f1ff-07ad-434a-91e8-fd51f898adff"}
[info] i  Using project fitnessfreake03-3b3ee (fitnessfreake03) 
[info] 
=== Hosting Setup
[debug] [2024-11-04T05:53:48.296Z] Checked if tokens are valid: true, expires at: 1730702629765
[debug] [2024-11-04T05:53:48.296Z] Checked if tokens are valid: true, expires at: 1730702629765
[debug] [2024-11-04T05:53:48.296Z] >>> [apiv2][query] GET https://firebase.googleapis.com/v1beta1/projects/fitnessfreake03-3b3ee [none]
[debug] [2024-11-04T05:53:48.802Z] <<< [apiv2][status] GET https://firebase.googleapis.com/v1beta1/projects/fitnessfreake03-3b3ee 200
[debug] [2024-11-04T05:53:48.802Z] <<< [apiv2][body] GET https://firebase.googleapis.com/v1beta1/projects/fitnessfreake03-3b3ee {"projectId":"fitnessfreake03-3b3ee","projectNumber":"349683281536","displayName":"fitnessfreake03","name":"projects/fitnessfreake03-3b3ee","resources":{"hostingSite":"fitnessfreake03-3b3ee"},"state":"ACTIVE","etag":"1_ffd5f1ff-07ad-434a-91e8-fd51f898adff"}
[info] 
[info] Your public directory is the folder (relative to your project directory) that
[info] will contain Hosting assets to be uploaded with firebase deploy. If you
[info] have a build process for your assets, use your build's output directory.
[info] 
[debug] [2024-11-04T05:53:58.333Z] >>> [apiv2][query] GET https://www.gstatic.com/firebasejs/releases.json [none]
[debug] [2024-11-04T05:53:58.804Z] <<< [apiv2][status] GET https://www.gstatic.com/firebasejs/releases.json 200
[debug] [2024-11-04T05:53:58.804Z] <<< [apiv2][body] GET https://www.gstatic.com/firebasejs/releases.json {"current":{"version":"11.0.1","browserURL":"https://www.gstatic.com/firebasejs/11.0.1/firebase.js","packageURL":"https://www.gstatic.com/firebasejs/11.0.1/firebase.tgz"},"live":{"version":"11.0","browserURL":"https://www.gstatic.com/firebasejs/live/11.0/firebase.js","packageURL":"https://www.gstatic.com/firebasejs/live/11.0/firebase.tgz"},"components":{"analytics":"https://www.gstatic.com/firebasejs/11.0.1/firebase-analytics.js","app":"https://www.gstatic.com/firebasejs/11.0.1/firebase-app.js","app-check":"https://www.gstatic.com/firebasejs/11.0.1/firebase-app-check.js","auth":"https://www.gstatic.com/firebasejs/11.0.1/firebase-auth.js","auth/cordova":"https://www.gstatic.com/firebasejs/11.0.1/firebase-auth/cordova.js","auth/web-extension":"https://www.gstatic.com/firebasejs/11.0.1/firebase-auth/web-extension.js","functions":"https://www.gstatic.com/firebasejs/11.0.1/firebase-functions.js","firestore":"https://www.gstatic.com/firebasejs/11.0.1/firebase-firestore.js","firestore/lite":"https://www.gstatic.com/firebasejs/11.0.1/firebase-firestore/lite.js","installations":"https://www.gstatic.com/firebasejs/11.0.1/firebase-installations.js","storage":"https://www.gstatic.com/firebasejs/11.0.1/firebase-storage.js","performance":"https://www.gstatic.com/firebasejs/11.0.1/firebase-performance.js","remote-config":"https://www.gstatic.com/firebasejs/11.0.1/firebase-remote-config.js","messaging":"https://www.gstatic.com/firebasejs/11.0.1/firebase-messaging.js","messaging/sw":"https://www.gstatic.com/firebasejs/11.0.1/firebase-messaging/sw.js","database":"https://www.gstatic.com/firebasejs/11.0.1/firebase-database.js","vertexai":"https://www.gstatic.com/firebasejs/11.0.1/firebase-vertexai.js","data-connect":"https://www.gstatic.com/firebasejs/11.0.1/firebase-data-connect.js","firestore.memory":"https://www.gstatic.com/firebasejs/11.0.1/firebase-firestore.memory.js"}}
[info] i  public/index.html is unchanged 
[info] 
[info] i  Didn't detect a .git folder. Assuming D:\BCA\Sem 5\CAP 917\Class p\finalCa3 (2)\finalCa3 is the project root. 
[info] i  Authorizing with GitHub to upload your service account to a GitHub repository's secrets store. 
[info] 
[info] Visit this URL on this device to log in:
[info] https://github.com/login/oauth/authorize?client_id=89cf50f02ac6aaed3484&state=810720037&redirect_uri=http%3A%2F%2Flocalhost%3A9005&scope=read%3Auser%20repo%20public_repo
[info] 
[info] Waiting for authentication...
[debug] [2024-11-04T05:53:59.815Z] >>> [apiv2][query] POST https://github.com/login/oauth/access_token [none]
[debug] [2024-11-04T05:53:59.815Z] >>> [apiv2][body] POST https://github.com/login/oauth/access_token [stream]
[debug] [2024-11-04T05:54:00.613Z] <<< [apiv2][status] POST https://github.com/login/oauth/access_token 200
[debug] [2024-11-04T05:54:00.614Z] <<< [apiv2][body] POST https://github.com/login/oauth/access_token {"access_token":"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","token_type":"bearer","scope":"read:user,repo"}
[debug] [2024-11-04T05:54:00.617Z] >>> [apiv2][query] GET https://api.github.com/user [none]
[debug] [2024-11-04T05:54:01.466Z] <<< [apiv2][status] GET https://api.github.com/user 200
[debug] [2024-11-04T05:54:01.467Z] <<< [apiv2][body] GET https://api.github.com/user {"login":"RajuSharma23","id":113759720,"node_id":"U_kgDOBsfV6A","avatar_url":"https://avatars.githubusercontent.com/u/113759720?v=4","gravatar_id":"","url":"https://api.github.com/users/RajuSharma23","html_url":"https://github.com/RajuSharma23","followers_url":"https://api.github.com/users/RajuSharma23/followers","following_url":"https://api.github.com/users/RajuSharma23/following{/other_user}","gists_url":"https://api.github.com/users/RajuSharma23/gists{/gist_id}","starred_url":"https://api.github.com/users/RajuSharma23/starred{/owner}{/repo}","subscriptions_url":"https://api.github.com/users/RajuSharma23/subscriptions","organizations_url":"https://api.github.com/users/RajuSharma23/orgs","repos_url":"https://api.github.com/users/RajuSharma23/repos","events_url":"https://api.github.com/users/RajuSharma23/events{/privacy}","received_events_url":"https://api.github.com/users/RajuSharma23/received_events","type":"User","user_view_type":"private","site_admin":false,"name":"Raju Sharma ","company":null,"blog":"","location":null,"email":null,"hireable":null,"bio":null,"twitter_username":null,"notification_email":null,"public_repos":6,"public_gists":0,"followers":2,"following":5,"created_at":"2022-09-17T07:28:36Z","updated_at":"2024-10-26T15:29:59Z","private_gists":0,"total_private_repos":1,"owned_private_repos":1,"disk_usage":12844,"collaborators":0,"two_factor_authentication":false,"plan":{"name":"free","space":976562499,"collaborators":0,"private_repos":10000}}
[info] 
[info] +  Success! Logged into GitHub as RajuSharma23 
[info] 
